XNNPACK is enabled:  True 

We're at: /home/mila/r/roy.eyono/danns_eg/dense_mnist_task
Homeostasis is True
Best train accuracy: 99.24
Best test accuracy: 97.81

======== GPU REPORT ========

==============NVSMI LOG==============

Timestamp                                 : Mon Mar  4 15:14:59 2024
Driver Version                            : 535.104.12
CUDA Version                              : 12.2

Attached GPUs                             : 1
GPU 00000000:3A:00.0
    Accounting Mode                       : Enabled
    Accounting Mode Buffer Size           : 4000
    Accounted Processes
        Process ID                        : 1239210
            GPU Utilization               : 16 %
            Memory Utilization            : 0 %
            Max memory usage              : 1196 MiB
            Time                          : 538695 ms
            Is Running                    : 0

Mon Mar  4 15:14:59 2024       
+---------------------------------------------------------------------------------------+
| NVIDIA-SMI 535.104.12             Driver Version: 535.104.12   CUDA Version: 12.2     |
|-----------------------------------------+----------------------+----------------------+
| GPU  Name                 Persistence-M | Bus-Id        Disp.A | Volatile Uncorr. ECC |
| Fan  Temp   Perf          Pwr:Usage/Cap |         Memory-Usage | GPU-Util  Compute M. |
|                                         |                      |               MIG M. |
|=========================================+======================+======================|
|   0  Quadro RTX 8000                On  | 00000000:3A:00.0 Off |                    0 |
| 33%   35C    P2              73W / 260W |      1MiB / 46080MiB |      0%      Default |
|                                         |                      |                  N/A |
+-----------------------------------------+----------------------+----------------------+
                                                                                         
+---------------------------------------------------------------------------------------+
| Processes:                                                                            |
|  GPU   GI   CI        PID   Type   Process name                            GPU Memory |
|        ID   ID                                                             Usage      |
|=======================================================================================|
|  No running processes found                                                           |
+---------------------------------------------------------------------------------------+
