XNNPACK is enabled:  True 

We're at: /home/mila/r/roy.eyono/HomeostaticDANN/models/dense_mnist_task/batch_scripts/ood_runs
Best train accuracy: 90.13
Best test accuracy: 63.80

======== GPU REPORT ========

==============NVSMI LOG==============

Timestamp                                 : Thu Sep 12 19:29:45 2024
Driver Version                            : 535.183.06
CUDA Version                              : 12.2

Attached GPUs                             : 1
GPU 00000000:43:00.0
    Accounting Mode                       : Enabled
    Accounting Mode Buffer Size           : 4000
    Accounted Processes
        Process ID                        : 267867
            GPU Utilization               : 6 %
            Memory Utilization            : 0 %
            Max memory usage              : 270 MiB
            Time                          : 1192350 ms
            Is Running                    : 0

Thu Sep 12 19:29:45 2024       
+---------------------------------------------------------------------------------------+
| NVIDIA-SMI 535.183.06             Driver Version: 535.183.06   CUDA Version: 12.2     |
|-----------------------------------------+----------------------+----------------------+
| GPU  Name                 Persistence-M | Bus-Id        Disp.A | Volatile Uncorr. ECC |
| Fan  Temp   Perf          Pwr:Usage/Cap |         Memory-Usage | GPU-Util  Compute M. |
|                                         |                      |               MIG M. |
|=========================================+======================+======================|
|   0  Quadro RTX 8000                On  | 00000000:43:00.0 Off |                    0 |
| 33%   46C    P2              76W / 260W |      1MiB / 46080MiB |      4%      Default |
|                                         |                      |                  N/A |
+-----------------------------------------+----------------------+----------------------+
                                                                                         
+---------------------------------------------------------------------------------------+
| Processes:                                                                            |
|  GPU   GI   CI        PID   Type   Process name                            GPU Memory |
|        ID   ID                                                             Usage      |
|=======================================================================================|
|  No running processes found                                                           |
+---------------------------------------------------------------------------------------+
