XNNPACK is enabled:  True 

We're at: /home/mila/r/roy.eyono/danns_eg/split_mnist_task
Info: not subtracting the mean!
Best train accuracy: 97.58
Best test accuracy: 89.62

======== GPU REPORT ========

==============NVSMI LOG==============

Timestamp                                 : Fri Mar 24 16:51:01 2023
Driver Version                            : 515.65.01
CUDA Version                              : 11.7

Attached GPUs                             : 1
GPU 00000000:27:00.0
    Accounting Mode                       : Enabled
    Accounting Mode Buffer Size           : 4000
    Accounted Processes
        Process ID                        : 60305
            GPU Utilization               : 74 %
            Memory Utilization            : 60 %
            Max memory usage              : 3729 MiB
            Time                          : 390511 ms
            Is Running                    : 0

Fri Mar 24 16:51:01 2023       
+-----------------------------------------------------------------------------+
| NVIDIA-SMI 515.65.01    Driver Version: 515.65.01    CUDA Version: 11.7     |
|-------------------------------+----------------------+----------------------+
| GPU  Name        Persistence-M| Bus-Id        Disp.A | Volatile Uncorr. ECC |
| Fan  Temp  Perf  Pwr:Usage/Cap|         Memory-Usage | GPU-Util  Compute M. |
|                               |                      |               MIG M. |
|===============================+======================+======================|
|   0  Quadro RTX 8000     On   | 00000000:27:00.0 Off |                  Off |
| 54%   65C    P0    89W / 260W |      1MiB / 49152MiB |     50%      Default |
|                               |                      |                  N/A |
+-------------------------------+----------------------+----------------------+
                                                                               
+-----------------------------------------------------------------------------+
| Processes:                                                                  |
|  GPU   GI   CI        PID   Type   Process name                  GPU Memory |
|        ID   ID                                                   Usage      |
|=============================================================================|
|  No running processes found                                                 |
+-----------------------------------------------------------------------------+
