XNNPACK is enabled:  True 

We're at: /home/mila/r/roy.eyono/danns_eg/split_mnist_task
Info: not subtracting the mean!
Best train accuracy: 99.09
Best test accuracy: 90.86

======== GPU REPORT ========

==============NVSMI LOG==============

Timestamp                                 : Wed Mar 29 10:59:13 2023
Driver Version                            : 515.65.01
CUDA Version                              : 11.7

Attached GPUs                             : 1
GPU 00000000:A4:00.0
    Accounting Mode                       : Enabled
    Accounting Mode Buffer Size           : 4000
    Accounted Processes
        Process ID                        : 58317
            GPU Utilization               : 78 %
            Memory Utilization            : 66 %
            Max memory usage              : 4003 MiB
            Time                          : 454670 ms
            Is Running                    : 0

Wed Mar 29 10:59:13 2023       
+-----------------------------------------------------------------------------+
| NVIDIA-SMI 515.65.01    Driver Version: 515.65.01    CUDA Version: 11.7     |
|-------------------------------+----------------------+----------------------+
| GPU  Name        Persistence-M| Bus-Id        Disp.A | Volatile Uncorr. ECC |
| Fan  Temp  Perf  Pwr:Usage/Cap|         Memory-Usage | GPU-Util  Compute M. |
|                               |                      |               MIG M. |
|===============================+======================+======================|
|   0  Quadro RTX 8000     On   | 00000000:A4:00.0 Off |                  Off |
| 33%   44C    P0    95W / 260W |      1MiB / 49152MiB |      0%      Default |
|                               |                      |                  N/A |
+-------------------------------+----------------------+----------------------+
                                                                               
+-----------------------------------------------------------------------------+
| Processes:                                                                  |
|  GPU   GI   CI        PID   Type   Process name                  GPU Memory |
|        ID   ID                                                   Usage      |
|=============================================================================|
|  No running processes found                                                 |
+-----------------------------------------------------------------------------+
