XNNPACK is enabled:  True 

We're at: /home/mila/r/roy.eyono/danns_eg/split_mnist_task
Info: not subtracting the mean!

======== GPU REPORT ========

==============NVSMI LOG==============

Timestamp                                 : Wed Mar 29 10:35:45 2023
Driver Version                            : 515.65.01
CUDA Version                              : 11.7

Attached GPUs                             : 1
GPU 00000000:44:00.0
    Accounting Mode                       : Enabled
    Accounting Mode Buffer Size           : 4000
    Accounted Processes
        Process ID                        : 35132
            GPU Utilization               : 15 %
            Memory Utilization            : 8 %
            Max memory usage              : 2841 MiB
            Time                          : 0 ms
            Is Running                    : 1

Wed Mar 29 10:35:45 2023       
+-----------------------------------------------------------------------------+
| NVIDIA-SMI 515.65.01    Driver Version: 515.65.01    CUDA Version: 11.7     |
|-------------------------------+----------------------+----------------------+
| GPU  Name        Persistence-M| Bus-Id        Disp.A | Volatile Uncorr. ECC |
| Fan  Temp  Perf  Pwr:Usage/Cap|         Memory-Usage | GPU-Util  Compute M. |
|                               |                      |               MIG M. |
|===============================+======================+======================|
|   0  Quadro RTX 8000     On   | 00000000:44:00.0 Off |                  Off |
| 33%   51C    P2   163W / 260W |   2844MiB / 49152MiB |     41%      Default |
|                               |                      |                  N/A |
+-------------------------------+----------------------+----------------------+
                                                                               
+-----------------------------------------------------------------------------+
| Processes:                                                                  |
|  GPU   GI   CI        PID   Type   Process name                  GPU Memory |
|        ID   ID                                                   Usage      |
|=============================================================================|
|    0   N/A  N/A     35132      C   python                           2841MiB |
+-----------------------------------------------------------------------------+
