XNNPACK is enabled:  True 

We're at: /home/mila/r/roy.eyono/danns_eg/split_mnist_task
Info: not subtracting the mean!
Best train accuracy: 97.28
Best test accuracy: 87.60

======== GPU REPORT ========

==============NVSMI LOG==============

Timestamp                                 : Wed Mar 29 11:09:09 2023
Driver Version                            : 515.65.01
CUDA Version                              : 11.7

Attached GPUs                             : 1
GPU 00000000:28:00.0
    Accounting Mode                       : Enabled
    Accounting Mode Buffer Size           : 4000
    Accounted Processes
        Process ID                        : 24432
            GPU Utilization               : 46 %
            Memory Utilization            : 22 %
            Max memory usage              : 2721 MiB
            Time                          : 258939 ms
            Is Running                    : 0

Wed Mar 29 11:09:09 2023       
+-----------------------------------------------------------------------------+
| NVIDIA-SMI 515.65.01    Driver Version: 515.65.01    CUDA Version: 11.7     |
|-------------------------------+----------------------+----------------------+
| GPU  Name        Persistence-M| Bus-Id        Disp.A | Volatile Uncorr. ECC |
| Fan  Temp  Perf  Pwr:Usage/Cap|         Memory-Usage | GPU-Util  Compute M. |
|                               |                      |               MIG M. |
|===============================+======================+======================|
|   0  Quadro RTX 8000     On   | 00000000:28:00.0 Off |                  Off |
| 35%   51C    P0    78W / 260W |      1MiB / 49152MiB |     35%      Default |
|                               |                      |                  N/A |
+-------------------------------+----------------------+----------------------+
                                                                               
+-----------------------------------------------------------------------------+
| Processes:                                                                  |
|  GPU   GI   CI        PID   Type   Process name                  GPU Memory |
|        ID   ID                                                   Usage      |
|=============================================================================|
|  No running processes found                                                 |
+-----------------------------------------------------------------------------+
